\BOOKMARK [1][-]{section.1}{Introducci\363n}{}% 1
\BOOKMARK [2][-]{subsection.1.1}{Estado del arte}{section.1}% 2
\BOOKMARK [1][-]{section.2}{Implementaci\363n de bloques del sistema}{}% 3
\BOOKMARK [1][-]{section.3}{Segmentaci\363n}{}% 4
\BOOKMARK [2][-]{subsection.3.1}{Introducci\363n}{section.3}% 5
\BOOKMARK [2][-]{subsection.3.2}{Estado del arte}{section.3}% 6
\BOOKMARK [3][-]{subsubsection.3.2.1}{Detecci\363n de bordes}{subsection.3.2}% 7
\BOOKMARK [3][-]{subsubsection.3.2.2}{M\351todos de umbral}{subsection.3.2}% 8
\BOOKMARK [2][-]{subsection.3.3}{Justificaci\363n y explicaci\363n del algoritmo}{section.3}% 9
\BOOKMARK [3][-]{subsubsection.3.3.1}{Algoritmo}{subsection.3.3}% 10
\BOOKMARK [2][-]{subsection.3.4}{Resultados y an\341lisis}{section.3}% 11
\BOOKMARK [1][-]{section.4}{Recontrucci\363n}{}% 12
\BOOKMARK [1][-]{section.5}{Seguimiento}{}% 13
\BOOKMARK [2][-]{subsection.5.1}{Introducci\363n}{section.5}% 14
\BOOKMARK [2][-]{subsection.5.2}{Implementaci\363n}{section.5}% 15
\BOOKMARK [3][-]{subsubsection.5.2.1}{Enlazado en r\351gimen}{subsection.5.2}% 16
\BOOKMARK [3][-]{subsubsection.5.2.2}{Enlazado inicial y final}{subsection.5.2}% 17
\BOOKMARK [3][-]{subsubsection.5.2.3}{Inventario de trayectorias}{subsection.5.2}% 18
\BOOKMARK [2][-]{subsection.5.3}{Resultado y Analisis}{section.5}% 19
\BOOKMARK [1][-]{section.6}{Discusi\363n y an\341lisis de resultados}{}% 20
\BOOKMARK [1][-]{section.7}{Conclusiones}{}% 21
